<?xml version="1.0" encoding="UTF-8" ?>
<mcq-test-results>
    <mcq-test-result scanned-on="2017-12-04T12:12:10+11:00">
        <first-name>Jane</first-name>
        <last-name>Austen</last-name>
        <student-number>521585128</student-number>
        <test-id>1234</test-id>
        <summary-marks available="20" obtained="13" />
    </mcq-test-result>
</mcq-test-results>
